NAMESPACE            NAME                                             READY   STATUS    RESTARTS        AGE
ingress-nginx        pod/ingress-nginx-controller-6dbbd955b9-h4lxf    1/1     Running   0               9m17s
kube-system          pod/coredns-589f44dc88-z7v2h                     1/1     Running   0               11m
kube-system          pod/coredns-589f44dc88-zb9xs                     1/1     Running   0               11m
kube-system          pod/etcd-kind-control-plane                      1/1     Running   0               11m
kube-system          pod/kindnet-4pzrm                                1/1     Running   0               11m
kube-system          pod/kindnet-5bftd                                1/1     Running   0               11m
kube-system          pod/kindnet-6ngdx                                1/1     Running   0               11m
kube-system          pod/kindnet-cvx9c                                1/1     Running   0               11m
kube-system          pod/kindnet-rq5l7                                1/1     Running   0               11m
kube-system          pod/kindnet-vc4sf                                1/1     Running   0               11m
kube-system          pod/kindnet-xj2hn                                1/1     Running   0               11m
kube-system          pod/kube-apiserver-kind-control-plane            1/1     Running   0               11m
kube-system          pod/kube-controller-manager-kind-control-plane   1/1     Running   0               11m
kube-system          pod/kube-proxy-j6jmc                             1/1     Running   0               11m
kube-system          pod/kube-proxy-npwcx                             1/1     Running   0               11m
kube-system          pod/kube-proxy-rf75f                             1/1     Running   0               11m
kube-system          pod/kube-proxy-szzlt                             1/1     Running   0               11m
kube-system          pod/kube-proxy-t7pmf                             1/1     Running   0               11m
kube-system          pod/kube-proxy-tmc5m                             1/1     Running   0               11m
kube-system          pod/kube-proxy-z4tfz                             1/1     Running   0               11m
kube-system          pod/kube-scheduler-kind-control-plane            1/1     Running   0               11m
local-path-storage   pod/local-path-provisioner-855c7b7774-qf65c      1/1     Running   0               11m
mateapp              pod/mysql-0                                      1/1     Running   0               11m
mateapp              pod/mysql-1                                      1/1     Running   0               9m18s
mateapp              pod/todoapp-7564595b85-lx7tv                     1/1     Running   2 (9m21s ago)   11m
mateapp              pod/todoapp-7564595b85-vvw6w                     1/1     Running   1 (9m14s ago)   11m

NAMESPACE       NAME                                         TYPE           CLUSTER-IP      EXTERNAL-IP   PORT(S)                      AGE
default         service/kubernetes                           ClusterIP      10.96.0.1       <none>        443/TCP                      11m
ingress-nginx   service/ingress-nginx-controller             LoadBalancer   10.96.153.198   <pending>     80:32402/TCP,443:31860/TCP   9m17s
ingress-nginx   service/ingress-nginx-controller-admission   ClusterIP      10.96.179.84    <none>        443/TCP                      9m17s
kube-system     service/kube-dns                             ClusterIP      10.96.0.10      <none>        53/UDP,53/TCP,9153/TCP       11m
mateapp         service/mysql                                ClusterIP      None            <none>        3306/TCP                     11m
mateapp         service/todoapp-service                      ClusterIP      10.96.156.134   <none>        80/TCP                       11m

NAMESPACE     NAME                        DESIRED   CURRENT   READY   UP-TO-DATE   AVAILABLE   NODE SELECTOR            AGE
kube-system   daemonset.apps/kindnet      7         7         7       7            7           kubernetes.io/os=linux   11m
kube-system   daemonset.apps/kube-proxy   7         7         7       7            7           kubernetes.io/os=linux   11m

NAMESPACE            NAME                                       READY   UP-TO-DATE   AVAILABLE   AGE
ingress-nginx        deployment.apps/ingress-nginx-controller   1/1     1            1           9m17s
kube-system          deployment.apps/coredns                    2/2     2            2           11m
local-path-storage   deployment.apps/local-path-provisioner     1/1     1            1           11m
mateapp              deployment.apps/todoapp                    2/2     2            2           11m

NAMESPACE            NAME                                                  DESIRED   CURRENT   READY   AGE
ingress-nginx        replicaset.apps/ingress-nginx-controller-54754544b9   0         0         0       9m17s
ingress-nginx        replicaset.apps/ingress-nginx-controller-6dbbd955b9   1         1         1       9m17s
kube-system          replicaset.apps/coredns-589f44dc88                    2         2         2       11m
local-path-storage   replicaset.apps/local-path-provisioner-855c7b7774     1         1         1       11m
mateapp              replicaset.apps/todoapp-7564595b85                    2         2         2       11m

NAMESPACE   NAME                     READY   AGE
mateapp     statefulset.apps/mysql   2/2     11m

NAMESPACE   NAME                                              REFERENCE            TARGETS                                     MINPODS   MAXPODS   REPLICAS   AGE
mateapp     horizontalpodautoscaler.autoscaling/todoapp-hpa   Deployment/todoapp   cpu: <unknown>/70%, memory: <unknown>/70%   2         5         2          11m

NAMESPACE            NAME                                                             DATA   AGE
default              configmap/kube-root-ca.crt                                       1      11m
ingress-nginx        configmap/ingress-nginx-controller                               0      9m17s
ingress-nginx        configmap/kube-root-ca.crt                                       1      9m17s
kube-node-lease      configmap/kube-root-ca.crt                                       1      11m
kube-public          configmap/cluster-info                                           2      11m
kube-public          configmap/kube-root-ca.crt                                       1      11m
kube-system          configmap/coredns                                                1      11m
kube-system          configmap/extension-apiserver-authentication                     6      11m
kube-system          configmap/kube-apiserver-legacy-service-account-token-tracking   1      11m
kube-system          configmap/kube-proxy                                             2      11m
kube-system          configmap/kube-root-ca.crt                                       1      11m
kube-system          configmap/kubeadm-config                                         1      11m
kube-system          configmap/kubelet-config                                         1      11m
local-path-storage   configmap/kube-root-ca.crt                                       1      11m
local-path-storage   configmap/local-path-config                                      4      11m
mateapp              configmap/kube-root-ca.crt                                       1      11m
mateapp              configmap/mysql                                                  1      11m
mateapp              configmap/todoapp-config                                         1      11m

NAMESPACE       NAME                                   TYPE                            DATA   AGE
ingress-nginx   secret/ingress-nginx-admission         Opaque                          3      9m13s
kube-system     secret/bootstrap-token-abcdef          bootstrap.kubernetes.io/token   6      11m
mateapp         secret/mysql-secrets                   Opaque                          3      11m
mateapp         secret/sh.helm.release.v1.todoapp.v1   helm.sh/release.v1              1      11m
mateapp         secret/todoapp-secret                  Opaque                          4      11m

NAMESPACE   NAME                                        CLASS   HOSTS   ADDRESS     PORTS   AGE
mateapp     ingress.networking.k8s.io/todoapp-ingress   nginx   *       localhost   80      7m17s
